1540.1366592122918	judg
1417.6254079246698	nasdaq
1338.8978649602273	professionalism
1092.1147057120354	placement
1002.3899960841978	nationwide
830.9056466367554	staffing
815.6293908704927	determination
688.1526545812279	delivered
657.2047813498332	resource
612.9782523265053	hcmi
568.586489482122	5kv
558.0998817545266	rmrp
540.9619834856368	consistent
523.9782984949501	permanent
512.278834012039	managed
380.0857918686287	kv
348.0085467323713	gesnetwork
322.815247308376	art
319.6455493278869	solutions
306.26975166722343	judge
292.80984475575684	professional
267.72782125734904	authorizations
241.11139766034142	provides
220.1851376032063	contract
194.21888921929718	operability
190.650102014305	training
183.34958625664441	services
173.26846723608162	tarrant
161.5259672240778	virtualedge
159.6567276153748	8fm
158.5033129848246	stochastic
158.09222017196146	manipulated_public_at_large
158.09222017196146	set_up_situations
149.38125238254747	eraa
139.65614568369762	quantitative
130.5025558770648	0790
125.81286781184383	fsa
119.69848371248622	technology
104.5087836276981	firms
102.9023533918786	human
102.0327564386108	definng
101.218241986818	maintainability
100.74343442526849	securitization
98.29634436777617	suweira
97.4336060573329	thieveries
95.78987509489144	listings
95.72518849821235	gains
95.37031200458104	30
85.52723002976788	projectso
84.86606690964275	greenwatch
84.14436528827676	liassisting
82.65943491266465	khilgaon
79.4454998918723	itn
79.13375949639307	advisory
76.91200540616096	conseco
75.90761289386677	consultantwith
72.68550072743447	consultation
71.11688740573854	markets
70.47826696863761	group
70.4086737894602	35pm
67.52595709395517	cruisecontrol
66.4860445303246	approaching
65.22460994770486	hellitpapan
63.62528782234054	partnering
62.212605258039986	guiyang
60.25646119589512	state
58.946542473523394	centrictechnologies
58.946542473523394	themotivating
58.946542473523394	toattracting
58.946542473523394	mostexciting
58.946542473523394	whendescribing
58.946542473523394	attractand
58.946542473523394	informationtechnology
58.946542473523394	bestconsultants
58.946542473523394	pietersberg
58.946542473523394	provideconsultants
58.946542473523394	firmfocused
56.63491335691463	drivethe
56.63491335691463	itprofessionals
55.61213653369674	regulatory
54.92803287740326	postponig
54.53667234781548	yulin
54.4344274013109	construction
54.42775690606304	through
53.21682710775369	dividends
52.96346682560979	32
52.565444977845786	skillcircle
52.20545675690019	blaring
51.827852394045756	abushen
51.212451910574465	eospearos
51.212451910574465	condeminig
50.926730020482545	align
49.84693589249378	overhead
49.799665193149075	pleasecall
49.78244668353302	_signals_
49.72441781907756	analytics
48.97331756470521	nvca
48.170982546732084	specialized
47.35050133119092	isbecause
47.25790140908532	bharu
